{
  "stats": {
    "suites": 1,
    "tests": 4,
    "passes": 1,
    "pending": 0,
    "failures": 3,
    "start": "2025-04-18T00:40:48.618Z",
    "end": "2025-04-18T00:41:05.605Z",
    "duration": 16987,
    "testsRegistered": 4,
    "passPercent": 25,
    "pendingPercent": 0,
    "other": 0,
    "hasOther": false,
    "skipped": 0,
    "hasSkipped": false
  },
  "results": [
    {
      "uuid": "c6cfad49-c368-4580-b5e7-05165686b7cf",
      "title": "",
      "fullFile": "cypress\\e2e\\login.cy.js",
      "file": "cypress\\e2e\\login.cy.js",
      "beforeHooks": [],
      "afterHooks": [],
      "tests": [],
      "suites": [
        {
          "uuid": "cafd8d50-875d-4660-bd46-40866d993e13",
          "title": "Admin Login Functionality - Online Shopping System",
          "fullFile": "",
          "file": "",
          "beforeHooks": [],
          "afterHooks": [],
          "tests": [
            {
              "title": "should login successfully with valid admin credentials",
              "fullTitle": "Admin Login Functionality - Online Shopping System should login successfully with valid admin credentials",
              "timedOut": null,
              "duration": 5077,
              "state": "failed",
              "speed": null,
              "pass": false,
              "fail": true,
              "pending": false,
              "context": null,
              "code": "// Fill in admin credentials\ncy.get('#your_name').should('be.visible').type('admin@example.com'); // Replace with actual valid admin email\ncy.get('#your_pass').should('be.visible').type('adminpassword'); // Replace with actual valid password\n// Click the login button\ncy.get('#signin').click();\n// Check redirect to admin homepage/dashboard\ncy.url().should('include', dashboardUrlFragment);",
              "err": {
                "message": "AssertionError: Timed out retrying after 4000ms: expected 'http://localhost/online-shopping-system-advanced-master/online-shopping-system-advanced-master/admin/login.php' to include 'index.php'",
                "estack": "AssertionError: Timed out retrying after 4000ms: expected 'http://localhost/online-shopping-system-advanced-master/online-shopping-system-advanced-master/admin/login.php' to include 'index.php'\n    at Context.eval (webpack:///./cypress/e2e/login.cy.js:18:13)",
                "diff": null
              },
              "uuid": "d80bf146-6c64-4c2e-8829-9e33a525d814",
              "parentUUID": "cafd8d50-875d-4660-bd46-40866d993e13",
              "isHook": false,
              "skipped": false
            },
            {
              "title": "should show error with invalid credentials",
              "fullTitle": "Admin Login Functionality - Online Shopping System should show error with invalid credentials",
              "timedOut": null,
              "duration": 5298,
              "state": "failed",
              "speed": null,
              "pass": false,
              "fail": true,
              "pending": false,
              "context": null,
              "code": "// Fill in invalid credentials\ncy.get('#your_name').should('be.visible').type('wrongadmin@example.com');\ncy.get('#your_pass').should('be.visible').type('wrongpassword');\n// Click the login button\ncy.get('#signin').click();\n// Check for error message displayed from PHP\ncy.get('#e_msg').should('be.visible').and('contain.text', 'Invalid'); // Adjust based on actual error message content",
              "err": {
                "message": "AssertionError: Timed out retrying after 4000ms: expected '<h4#e_msg>' to contain text 'Invalid', but the text was '  \\n  \\t  \\t  Wrong username/password combination\\n  \\t  \\n'",
                "estack": "AssertionError: Timed out retrying after 4000ms: expected '<h4#e_msg>' to contain text 'Invalid', but the text was '  \\n  \\t  \\t  Wrong username/password combination\\n  \\t  \\n'\n    at Context.eval (webpack:///./cypress/e2e/login.cy.js:32:7)",
                "diff": "- '  \\n  \\t  \\t  Wrong username/password combination\\n  \\t  \\n'\n+ 'Invalid'\n"
              },
              "uuid": "da763b08-faa4-4684-8a00-5af914f86e53",
              "parentUUID": "cafd8d50-875d-4660-bd46-40866d993e13",
              "isHook": false,
              "skipped": false
            },
            {
              "title": "should display validation errors when fields are empty",
              "fullTitle": "Admin Login Functionality - Online Shopping System should display validation errors when fields are empty",
              "timedOut": null,
              "duration": 169,
              "state": "passed",
              "speed": "fast",
              "pass": true,
              "fail": false,
              "pending": false,
              "context": null,
              "code": "// Click the login button without entering credentials\ncy.get('#signin').click();\n// Check for validation error messages\ncy.get('#e_msg').should('be.visible').and('contain.text', 'required'); // Adjust based on actual validation message content",
              "err": {},
              "uuid": "faf64e98-bc72-45e5-a490-e060e99c044b",
              "parentUUID": "cafd8d50-875d-4660-bd46-40866d993e13",
              "isHook": false,
              "skipped": false
            },
            {
              "title": "should prevent login with SQL injection attempt",
              "fullTitle": "Admin Login Functionality - Online Shopping System should prevent login with SQL injection attempt",
              "timedOut": null,
              "duration": 4859,
              "state": "failed",
              "speed": null,
              "pass": false,
              "fail": true,
              "pending": false,
              "context": null,
              "code": "// Attempt SQL injection\ncy.get('#your_name').should('be.visible').type(\"' OR '1'='1\");\ncy.get('#your_pass').should('be.visible').type(\"' OR '1'='1\");\n// Click the login button\ncy.get('#signin').click();\n// Check for error message or failed login\ncy.get('#e_msg').should('be.visible').and('contain.text', 'Invalid'); // Adjust based on actual error message content",
              "err": {
                "message": "AssertionError: Timed out retrying after 4000ms: expected '<h4#e_msg>' to contain text 'Invalid', but the text was '  \\n  \\t  \\t  Wrong username/password combination\\n  \\t  \\n'",
                "estack": "AssertionError: Timed out retrying after 4000ms: expected '<h4#e_msg>' to contain text 'Invalid', but the text was '  \\n  \\t  \\t  Wrong username/password combination\\n  \\t  \\n'\n    at Context.eval (webpack:///./cypress/e2e/login.cy.js:56:7)",
                "diff": "- '  \\n  \\t  \\t  Wrong username/password combination\\n  \\t  \\n'\n+ 'Invalid'\n"
              },
              "uuid": "906a205c-9903-417f-af79-75cf2d67338c",
              "parentUUID": "cafd8d50-875d-4660-bd46-40866d993e13",
              "isHook": false,
              "skipped": false
            }
          ],
          "suites": [],
          "passes": [
            "faf64e98-bc72-45e5-a490-e060e99c044b"
          ],
          "failures": [
            "d80bf146-6c64-4c2e-8829-9e33a525d814",
            "da763b08-faa4-4684-8a00-5af914f86e53",
            "906a205c-9903-417f-af79-75cf2d67338c"
          ],
          "pending": [],
          "skipped": [],
          "duration": 15403,
          "root": false,
          "rootEmpty": false,
          "_timeout": 2000
        }
      ],
      "passes": [],
      "failures": [],
      "pending": [],
      "skipped": [],
      "duration": 0,
      "root": true,
      "rootEmpty": true,
      "_timeout": 2000
    }
  ],
  "meta": {
    "mocha": {
      "version": "7.2.0"
    },
    "mochawesome": {
      "options": {
        "quiet": false,
        "reportFilename": "mochawesome",
        "saveHtml": false,
        "saveJson": true,
        "consoleReporter": "spec",
        "useInlineDiffs": false,
        "code": true
      },
      "version": "7.1.3"
    },
    "marge": {
      "options": {
        "reportDir": "cypress/reports",
        "overwrite": false,
        "html": false,
        "json": true
      },
      "version": "6.2.0"
    }
  }
}